[2025-03-28T17:38:39.311+0000] {local_task_job_runner.py:123} INFO - ::group::Pre task execution logs
[2025-03-28T17:38:39.350+0000] {taskinstance.py:2614} INFO - Dependencies all met for dep_context=non-requeueable deps ti=<TaskInstance: nasa_data_pipeline.load_to_postgres manual__2025-03-28T17:37:59.729888+00:00 [queued]>
[2025-03-28T17:38:39.400+0000] {taskinstance.py:2614} INFO - Dependencies all met for dep_context=requeueable deps ti=<TaskInstance: nasa_data_pipeline.load_to_postgres manual__2025-03-28T17:37:59.729888+00:00 [queued]>
[2025-03-28T17:38:39.406+0000] {taskinstance.py:2867} INFO - Starting attempt 1 of 1
[2025-03-28T17:38:39.946+0000] {taskinstance.py:2890} INFO - Executing <Task(BashOperator): load_to_postgres> on 2025-03-28 17:37:59.729888+00:00
[2025-03-28T17:38:39.963+0000] {warnings.py:112} WARNING - /home/***/.local/lib/python3.12/site-packages/***/task/task_runner/standard_task_runner.py:70: DeprecationWarning: This process (pid=101) is multi-threaded, use of fork() may lead to deadlocks in the child.
  pid = os.fork()

[2025-03-28T17:38:39.966+0000] {standard_task_runner.py:72} INFO - Started process 103 to run task
[2025-03-28T17:38:39.974+0000] {standard_task_runner.py:104} INFO - Running: ['***', 'tasks', 'run', 'nasa_data_pipeline', 'load_to_postgres', 'manual__2025-03-28T17:37:59.729888+00:00', '--job-id', '183', '--raw', '--subdir', 'DAGS_FOLDER/nasa_data_pipeline.py', '--cfg-path', '/tmp/tmpozs0g1pv']
[2025-03-28T17:38:39.985+0000] {standard_task_runner.py:105} INFO - Job 183: Subtask load_to_postgres
[2025-03-28T17:38:40.090+0000] {task_command.py:467} INFO - Running <TaskInstance: nasa_data_pipeline.load_to_postgres manual__2025-03-28T17:37:59.729888+00:00 [running]> on host 2c466cfe6836
[2025-03-28T17:38:40.250+0000] {taskinstance.py:3134} INFO - Exporting env vars: AIRFLOW_CTX_DAG_OWNER='***' AIRFLOW_CTX_DAG_ID='nasa_data_pipeline' AIRFLOW_CTX_TASK_ID='load_to_postgres' AIRFLOW_CTX_EXECUTION_DATE='2025-03-28T17:37:59.729888+00:00' AIRFLOW_CTX_TRY_NUMBER='1' AIRFLOW_CTX_DAG_RUN_ID='manual__2025-03-28T17:37:59.729888+00:00'
[2025-03-28T17:38:40.253+0000] {logging_mixin.py:190} INFO - Task instance is in running state
[2025-03-28T17:38:40.255+0000] {logging_mixin.py:190} INFO -  Previous state of the Task instance: queued
[2025-03-28T17:38:40.256+0000] {logging_mixin.py:190} INFO - Current task name:load_to_postgres state:running start_date:2025-03-28 17:38:39.353093+00:00
[2025-03-28T17:38:40.257+0000] {logging_mixin.py:190} INFO - Dag name:nasa_data_pipeline and current dag run status:running
[2025-03-28T17:38:40.257+0000] {taskinstance.py:732} INFO - ::endgroup::
[2025-03-28T17:38:40.260+0000] {subprocess.py:78} INFO - Tmp dir root location: /tmp
[2025-03-28T17:38:40.263+0000] {subprocess.py:88} INFO - Running command: ['/usr/bin/bash', '-c', 'python /opt/***/scripts/load_to_postgres.py']
[2025-03-28T17:38:40.289+0000] {subprocess.py:99} INFO - Output:
[2025-03-28T17:38:42.251+0000] {subprocess.py:106} INFO - /opt/***/scripts/load_to_postgres.py:27: RemovedIn20Warning: Deprecated API features detected! These feature(s) are not compatible with SQLAlchemy 2.0. To prevent incompatible upgrades prior to updating applications, ensure requirements files are pinned to "sqlalchemy<2.0". Set environment variable SQLALCHEMY_WARN_20=1 to show all deprecation warnings.  Set environment variable SQLALCHEMY_SILENCE_UBER_WARNING=1 to silence this message. (Background on SQLAlchemy 2.0 at: https://sqlalche.me/e/b8d9)
[2025-03-28T17:38:42.253+0000] {subprocess.py:106} INFO -   conn.execute(text(create_table_sql))
[2025-03-28T17:38:42.331+0000] {subprocess.py:106} INFO - Data successfully loaded into PostgreSQL
[2025-03-28T17:38:42.643+0000] {subprocess.py:110} INFO - Command exited with return code 0
[2025-03-28T17:38:42.736+0000] {taskinstance.py:341} INFO - ::group::Post task execution logs
[2025-03-28T17:38:42.738+0000] {taskinstance.py:353} INFO - Marking task as SUCCESS. dag_id=nasa_data_pipeline, task_id=load_to_postgres, run_id=manual__2025-03-28T17:37:59.729888+00:00, execution_date=20250328T173759, start_date=20250328T173839, end_date=20250328T173842
[2025-03-28T17:38:42.797+0000] {logging_mixin.py:190} INFO - Task instance in success state
[2025-03-28T17:38:42.797+0000] {logging_mixin.py:190} INFO -  Previous state of the Task instance: running
[2025-03-28T17:38:42.799+0000] {logging_mixin.py:190} INFO - Dag name:nasa_data_pipeline queued_at:2025-03-28 17:37:59.764286+00:00
[2025-03-28T17:38:42.800+0000] {logging_mixin.py:190} INFO - Task hostname:2c466cfe6836 operator:BashOperator
[2025-03-28T17:38:42.862+0000] {local_task_job_runner.py:266} INFO - Task exited with return code 0
[2025-03-28T17:38:42.883+0000] {taskinstance.py:3901} INFO - 0 downstream tasks scheduled from follow-on schedule check
[2025-03-28T17:38:42.886+0000] {local_task_job_runner.py:245} INFO - ::endgroup::
